<?xml version="1.0" encoding="UTF-8"?>
<!-- Generated by org.testng.reporters.JUnitReportReporter -->
<testsuite hostname="Samuel" failures="0" tests="1" name="testCases.TC001_AccountRegistrationTest" time="2.607" errors="0" timestamp="2024-09-24T12:32:05 IST" skipped="0">
  <testcase classname="testCases.TC001_AccountRegistrationTest" name="verifyAccountRegistration" time="2.607"/>
</testsuite> <!-- testCases.TC001_AccountRegistrationTest -->
