<?xml version="1.0" encoding="UTF-8"?>
<!-- Generated by org.testng.reporters.JUnitReportReporter -->
<testsuite hostname="Samuel" failures="0" tests="2" name="testCases.TC002_LoginTest" time="5.212" errors="0" timestamp="2024-09-24T12:35:51 IST" skipped="0">
  <testcase classname="testCases.TC002_LoginTest" name="verify_login" time="2.446"/>
  <testcase classname="testCases.TC002_LoginTest" name="verify_login" time="2.766"/>
</testsuite> <!-- testCases.TC002_LoginTest -->
