<?xml version="1.0" encoding="UTF-8"?>
<!-- Generated by org.testng.reporters.JUnitReportReporter -->
<testsuite hostname="Samuel" failures="0" tests="1" name="testCases.TC001_AccountRegistrationTest" time="2.368" errors="0" timestamp="2024-09-26T11:26:34 IST" skipped="0">
  <testcase classname="testCases.TC001_AccountRegistrationTest" name="verifyAccountRegistration" time="2.368"/>
</testsuite> <!-- testCases.TC001_AccountRegistrationTest -->
